[debug] [2022-01-18T06:30:02.648Z] ----------------------------------------------------------------------
[debug] [2022-01-18T06:30:02.652Z] Command:       C:\Program Files\nodejs\node.exe C:\Users\Partheev\AppData\Roaming\npm\node_modules\firebase-tools\lib\bin\firebase.js deploy
[debug] [2022-01-18T06:30:02.653Z] CLI Version:   9.12.1
[debug] [2022-01-18T06:30:02.653Z] Platform:      win32
[debug] [2022-01-18T06:30:02.653Z] Node Version:  v16.13.1
[debug] [2022-01-18T06:30:02.658Z] Time:          Tue Jan 18 2022 12:00:02 GMT+0530 (India Standard Time)
[debug] [2022-01-18T06:30:02.659Z] ----------------------------------------------------------------------
[debug] 
[debug] [2022-01-18T06:30:02.675Z] > command requires scopes: ["email","openid","https://www.googleapis.com/auth/cloudplatformprojects.readonly","https://www.googleapis.com/auth/firebase","https://www.googleapis.com/auth/cloud-platform"]
[debug] [2022-01-18T06:30:02.676Z] > authorizing via signed-in user (partheev8@gmail.com)
[debug] [2022-01-18T06:30:02.676Z] [iam] checking project personal-profile-941ea for permissions ["firebase.projects.get","firebasehosting.sites.update"]
[debug] [2022-01-18T06:30:02.680Z] > refreshing access token with scopes: ["email","https://www.googleapis.com/auth/cloud-platform","https://www.googleapis.com/auth/cloudplatformprojects.readonly","https://www.googleapis.com/auth/firebase","openid"]
[debug] [2022-01-18T06:30:02.681Z] >>> HTTP REQUEST POST https://www.googleapis.com/oauth2/v3/token  
 <request body omitted>
[debug] [2022-01-18T06:30:02.738Z] [iam] error while checking permissions, command may fail: FirebaseError: Authentication Error: Your credentials are no longer valid. Please run firebase login --reauth

For CI servers and headless environments, generate a new token with firebase login:ci
[debug] [2022-01-18T06:30:02.743Z] >>> [apiv2][query] GET https://firebase.googleapis.com/v1beta1/projects/personal-profile-941ea [none]
[debug] [2022-01-18T06:30:02.753Z] Failed to make request to https://firebase.googleapis.com/v1beta1/projects/personal-profile-941ea
[debug] [2022-01-18T06:30:02.766Z] FirebaseError: Failed to make request to https://firebase.googleapis.com/v1beta1/projects/personal-profile-941ea
    at Client.doRequest (C:\Users\Partheev\AppData\Roaming\npm\node_modules\firebase-tools\lib\apiv2.js:211:19)
    at processTicksAndRejections (node:internal/process/task_queues:96:5)
    at async Client.request (C:\Users\Partheev\AppData\Roaming\npm\node_modules\firebase-tools\lib\apiv2.js:96:20)
    at async Object.getFirebaseProject (C:\Users\Partheev\AppData\Roaming\npm\node_modules\firebase-tools\lib\management\projects.js:290:21)
    at async Object.getDefaultHostingSite (C:\Users\Partheev\AppData\Roaming\npm\node_modules\firebase-tools\lib\getDefaultHostingSite.js:8:21)
    at async requireHostingSite (C:\Users\Partheev\AppData\Roaming\npm\node_modules\firebase-tools\lib\requireHostingSite.js:9:18)
    at async Object.fn (C:\Users\Partheev\AppData\Roaming\npm\node_modules\firebase-tools\lib\commands\deploy.js:66:9)
    at async C:\Users\Partheev\AppData\Roaming\npm\node_modules\firebase-tools\lib\command.js:169:17
[error] 
[error] Error: Failed to get Firebase project personal-profile-941ea. Please make sure the project exists and your account has permission to access it.
[debug] [2022-01-18T06:31:00.070Z] ----------------------------------------------------------------------
[debug] [2022-01-18T06:31:00.072Z] Command:       C:\Program Files\nodejs\node.exe C:\Users\Partheev\AppData\Roaming\npm\node_modules\firebase-tools\lib\bin\firebase.js deploy
[debug] [2022-01-18T06:31:00.072Z] CLI Version:   9.12.1
[debug] [2022-01-18T06:31:00.072Z] Platform:      win32
[debug] [2022-01-18T06:31:00.072Z] Node Version:  v16.13.1
[debug] [2022-01-18T06:31:00.073Z] Time:          Tue Jan 18 2022 12:01:00 GMT+0530 (India Standard Time)
[debug] [2022-01-18T06:31:00.073Z] ----------------------------------------------------------------------
[debug] 
[debug] [2022-01-18T06:31:00.083Z] > command requires scopes: ["email","openid","https://www.googleapis.com/auth/cloudplatformprojects.readonly","https://www.googleapis.com/auth/firebase","https://www.googleapis.com/auth/cloud-platform"]
[debug] [2022-01-18T06:31:00.084Z] > authorizing via signed-in user (partheev8@gmail.com)
[debug] [2022-01-18T06:31:00.084Z] [iam] checking project personal-profile-941ea for permissions ["firebase.projects.get","firebasehosting.sites.update"]
[debug] [2022-01-18T06:31:00.086Z] > refreshing access token with scopes: ["email","https://www.googleapis.com/auth/cloud-platform","https://www.googleapis.com/auth/cloudplatformprojects.readonly","https://www.googleapis.com/auth/firebase","openid"]
[debug] [2022-01-18T06:31:00.087Z] >>> HTTP REQUEST POST https://www.googleapis.com/oauth2/v3/token  
 <request body omitted>
[debug] [2022-01-18T06:31:00.111Z] [iam] error while checking permissions, command may fail: FirebaseError: Authentication Error: Your credentials are no longer valid. Please run firebase login --reauth

For CI servers and headless environments, generate a new token with firebase login:ci
[debug] [2022-01-18T06:31:00.114Z] >>> [apiv2][query] GET https://firebase.googleapis.com/v1beta1/projects/personal-profile-941ea [none]
[debug] [2022-01-18T06:31:00.120Z] Failed to make request to https://firebase.googleapis.com/v1beta1/projects/personal-profile-941ea
[debug] [2022-01-18T06:31:00.126Z] FirebaseError: Failed to make request to https://firebase.googleapis.com/v1beta1/projects/personal-profile-941ea
    at Client.doRequest (C:\Users\Partheev\AppData\Roaming\npm\node_modules\firebase-tools\lib\apiv2.js:211:19)
    at processTicksAndRejections (node:internal/process/task_queues:96:5)
    at async Client.request (C:\Users\Partheev\AppData\Roaming\npm\node_modules\firebase-tools\lib\apiv2.js:96:20)
    at async Object.getFirebaseProject (C:\Users\Partheev\AppData\Roaming\npm\node_modules\firebase-tools\lib\management\projects.js:290:21)
    at async Object.getDefaultHostingSite (C:\Users\Partheev\AppData\Roaming\npm\node_modules\firebase-tools\lib\getDefaultHostingSite.js:8:21)
    at async requireHostingSite (C:\Users\Partheev\AppData\Roaming\npm\node_modules\firebase-tools\lib\requireHostingSite.js:9:18)
    at async Object.fn (C:\Users\Partheev\AppData\Roaming\npm\node_modules\firebase-tools\lib\commands\deploy.js:66:9)
    at async C:\Users\Partheev\AppData\Roaming\npm\node_modules\firebase-tools\lib\command.js:169:17
[error] 
[error] Error: Failed to get Firebase project personal-profile-941ea. Please make sure the project exists and your account has permission to access it.
